In file included from div.cpp:9:0:
global.h:226:22: error: â€˜_MAX_PATHâ€™ was not declared in this scope
         char Dir_cwd[_MAX_PATH+1];
                      ^
global.h:227:22: error: â€˜_MAX_PATHâ€™ was not declared in this scope
         char Dir_map[_MAX_PATH+1];
                      ^
global.h:228:22: error: â€˜_MAX_PATHâ€™ was not declared in this scope
         char Dir_pal[_MAX_PATH+1];
                      ^
global.h:229:22: error: â€˜_MAX_PATHâ€™ was not declared in this scope
         char Dir_fpg[_MAX_PATH+1];
                      ^
global.h:230:22: error: â€˜_MAX_PATHâ€™ was not declared in this scope
         char Dir_fnt[_MAX_PATH+1];
                      ^
global.h:231:22: error: â€˜_MAX_PATHâ€™ was not declared in this scope
         char Dir_ifs[_MAX_PATH+1];
                      ^
global.h:232:22: error: â€˜_MAX_PATHâ€™ was not declared in this scope
         char Dir_pcm[_MAX_PATH+1];
                      ^
global.h:233:22: error: â€˜_MAX_PATHâ€™ was not declared in this scope
         char Dir_prg[_MAX_PATH+1];
                      ^
global.h:234:23: error: â€˜_MAX_PATHâ€™ was not declared in this scope
         char Dir_pcms[_MAX_PATH+1];
                       ^
global.h:235:22: error: â€˜_MAX_PATHâ€™ was not declared in this scope
         char Dir_prj[_MAX_PATH+1];
                      ^
global.h:236:22: error: â€˜_MAX_PATHâ€™ was not declared in this scope
         char Dir_wld[_MAX_PATH+1];
                      ^
global.h:237:22: error: â€˜_MAX_PATHâ€™ was not declared in this scope
         char Dir_mod[_MAX_PATH+1];
                      ^
global.h:240:28: error: â€˜_MAX_PATHâ€™ was not declared in this scope
         char Desktop_Image[_MAX_PATH+1];
                            ^
global.h:639:13: error: â€˜_MAX_PATHâ€™ was not declared in this scope
   char path[_MAX_PATH+1];               // Path del fichero asociado
             ^
global.h:653:13: error: â€˜_MAX_PATHâ€™ was not declared in this scope
   char path[_MAX_PATH+1];       // Path del fichero asociado
             ^
global.h:726:13: error: â€˜PATH_MAXâ€™ was not declared in this scope
   char path[PATH_MAX+1];                // Su path por defecto
             ^
global.h:743:23: error: â€˜_MAX_PATHâ€™ was not declared in this scope
 GLOBAL_DATA char full[_MAX_PATH+1];
                       ^
global.h:830:9: error: â€˜SAMPLEâ€™ does not name a type
         SAMPLE *sample;
         ^
global.h:920:6: error: expected unqualified-id before â€˜deleteâ€™
 void delete(int a);
      ^
div.cpp:38:7: error: redefinition of â€˜int* system_clockâ€™
 int * system_clock = (void*) 0x46c; // Reloj del sistema
       ^
In file included from div.cpp:9:0:
global.h:472:19: note: â€˜int* system_clockâ€™ previously declared here
 GLOBAL_DATA int * system_clock, cclock;
                   ^
div.cpp:52:3: warning: initializer-string for array of chars is too long [-fpermissive]
   "                                                                ";
   ^
div.cpp:59:15: error: â€˜unsigned char* indexâ€™ redeclared as different kind of symbol
 extern byte * index;
               ^
In file included from global.h:21:0,
                 from div.cpp:9:
/usr/include/string.h:470:20: note: previous declaration â€˜const char* index(const char*, int)â€™
 extern const char *index (const char *__s, int __c)
                    ^
div.cpp:77:14: error: expected initializer before â€˜*â€™ token
 unsigned far * c_e_2;
              ^
div.cpp:79:11: error: expected initializer before â€˜critical_errorâ€™
 int __far critical_error(unsigned deverr,unsigned errcode,unsigned far*devhdr)
           ^
div.cpp: In function â€˜void betatest0()â€™:
div.cpp:199:40: warning: invalid conversion from â€˜char*â€™ to â€˜unsigned char*â€™ [-fpermissive]
   _get(460,4,12,v.an-8,betaname,127,0,0);
                                        ^
In file included from div.cpp:9:0:
global.h:73:6: note: initializing argument 5 of â€˜void _get(int, int, int, int, unsigned char*, int, int, int)â€™
 void _get(int texto,int x,int y,int an,byte * buf,int lon_buf,int r0,int r1);
      ^
div.cpp:201:24: warning: cast from â€˜void (*)()â€™ to â€˜intâ€™ loses precision [-fpermissive]
   v.paint_handler=(int)betatest1;
                        ^
div.cpp:202:24: warning: cast from â€˜void (*)()â€™ to â€˜intâ€™ loses precision [-fpermissive]
   v.click_handler=(int)betatest2;
                        ^
div.cpp: In function â€˜void betatest5()â€™:
div.cpp:229:10: error: â€˜fullâ€™ was not declared in this scope
   strcpy(full,"beta");
          ^
div.cpp: In function â€˜int main(int, char**)â€™:
div.cpp:294:12: error: â€˜critical_errorâ€™ was not declared in this scope
   _harderr(critical_error);
            ^
div.cpp:294:26: error: â€˜_harderrâ€™ was not declared in this scope
   _harderr(critical_error);
                          ^
div.cpp:309:18: error: â€˜struct ttipoâ€™ has no member named â€˜pathâ€™
   getcwd(tipo[0].path,PATH_MAX+1);
                  ^
div.cpp:309:23: error: â€˜PATH_MAXâ€™ was not declared in this scope
   getcwd(tipo[0].path,PATH_MAX+1);
                       ^
div.cpp:309:33: error: â€˜getcwdâ€™ was not declared in this scope
   getcwd(tipo[0].path,PATH_MAX+1);
                                 ^
div.cpp:313:13: error: â€˜fullâ€™ was not declared in this scope
   _fullpath(full,argv[0],_MAX_PATH+1);
             ^
div.cpp:313:26: error: â€˜_MAX_PATHâ€™ was not declared in this scope
   _fullpath(full,argv[0],_MAX_PATH+1);
                          ^
div.cpp:313:37: error: â€˜_fullpathâ€™ was not declared in this scope
   _fullpath(full,argv[0],_MAX_PATH+1);
                                     ^
div.cpp:314:14: error: â€˜struprâ€™ was not declared in this scope
   strupr(full);
              ^
div.cpp:322:47: error: â€˜_dos_setdriveâ€™ was not declared in this scope
   _dos_setdrive((int)toupper(full[0])-'A'+1,&n);
                                               ^
div.cpp:323:13: error: â€˜chdirâ€™ was not declared in this scope
   chdir(full);
             ^
div.cpp:327:18: error: â€˜struct ttipoâ€™ has no member named â€˜pathâ€™
   getcwd(tipo[1].path,PATH_MAX+1);
                  ^
div.cpp:331:24: warning: deprecated conversion from string constant to â€˜char*â€™ [-Wwrite-strings]
     DaniDel("sound.cfg");
                        ^
div.cpp:332:32: warning: deprecated conversion from string constant to â€˜char*â€™ [-Wwrite-strings]
     DaniDel("system\\setup.bin");
                                ^
div.cpp:333:34: warning: deprecated conversion from string constant to â€˜char*â€™ [-Wwrite-strings]
     DaniDel("system\\session.dtf");
                                  ^
div.cpp:344:14: warning: deprecated conversion from string constant to â€˜char*â€™ [-Wwrite-strings]
   tipo[2].ext="*.* *.MAP *.PCX *.BMP *.JPG *.JPE";
              ^
div.cpp:345:14: warning: deprecated conversion from string constant to â€˜char*â€™ [-Wwrite-strings]
   tipo[3].ext="*.* *.PAL *.FPG *.FNT *.MAP *.BMP *.PCX *.JPG *.JPE";
              ^
div.cpp:346:14: warning: deprecated conversion from string constant to â€˜char*â€™ [-Wwrite-strings]
   tipo[4].ext="*.FPG *.*";
              ^
div.cpp:347:14: warning: deprecated conversion from string constant to â€˜char*â€™ [-Wwrite-strings]
   tipo[5].ext="*.FNT *.*";
              ^
div.cpp:348:14: warning: deprecated conversion from string constant to â€˜char*â€™ [-Wwrite-strings]
   tipo[6].ext="*.IFS *.*";
              ^
div.cpp:349:14: warning: deprecated conversion from string constant to â€˜char*â€™ [-Wwrite-strings]
   tipo[7].ext="*.* *.WAV *.PCM";
              ^
div.cpp:350:14: warning: deprecated conversion from string constant to â€˜char*â€™ [-Wwrite-strings]
   tipo[8].ext="*.PRG *.*";
              ^
div.cpp:351:14: warning: deprecated conversion from string constant to â€˜char*â€™ [-Wwrite-strings]
   tipo[9].ext="*.* *.MAP *.PCX *.BMP *.JPG *.JPE";
              ^
div.cpp:352:15: warning: deprecated conversion from string constant to â€˜char*â€™ [-Wwrite-strings]
   tipo[10].ext="*.PAL";
               ^
div.cpp:353:15: warning: deprecated conversion from string constant to â€˜char*â€™ [-Wwrite-strings]
   tipo[11].ext="*.WAV *.PCM";
               ^
div.cpp:354:15: warning: deprecated conversion from string constant to â€˜char*â€™ [-Wwrite-strings]
   tipo[12].ext="*.PRJ";
               ^
div.cpp:355:15: warning: deprecated conversion from string constant to â€˜char*â€™ [-Wwrite-strings]
   tipo[13].ext="*.*";
               ^
div.cpp:356:15: warning: deprecated conversion from string constant to â€˜char*â€™ [-Wwrite-strings]
   tipo[14].ext="*.MAP *.PCX *.BMP";
               ^
div.cpp:357:15: warning: deprecated conversion from string constant to â€˜char*â€™ [-Wwrite-strings]
   tipo[15].ext="*.WLD *.*";
               ^
div.cpp:358:15: warning: deprecated conversion from string constant to â€˜char*â€™ [-Wwrite-strings]
   tipo[16].ext="*.* *.MOD *.S3M *.XM";
               ^
div.cpp:362:43: warning: invalid conversion from â€˜const char*â€™ to â€˜unsigned char*â€™ [-fpermissive]
   inicializa_textos("system\\lenguaje.div"); // OJO emitir un error si lenguaje.div no existe
                                           ^
In file included from div.cpp:9:0:
global.h:325:6: note: initializing argument 1 of â€˜void inicializa_textos(unsigned char*)â€™
 void inicializa_textos(byte * fichero);
      ^
div.cpp:364:15: error: â€˜check_mouseâ€™ was not declared in this scope
   check_mouse();
               ^
div.cpp:379:19: error: â€˜_TEXTC80â€™ was not declared in this scope
     _setvideomode(_TEXTC80);
                   ^
div.cpp:379:27: error: â€˜_setvideomodeâ€™ was not declared in this scope
     _setvideomode(_TEXTC80);
                           ^
div.cpp:380:18: error: â€˜_setbkcolorâ€™ was not declared in this scope
     _setbkcolor(1); _settextcolor(15);
                  ^
div.cpp:380:37: error: â€˜_settextcolorâ€™ was not declared in this scope
     _setbkcolor(1); _settextcolor(15);
                                     ^
div.cpp:381:22: error: â€˜_outtextâ€™ was not declared in this scope
     _outtext(texto[1]);
                      ^
div.cpp:384:18: error: â€˜inicializacionâ€™ was not declared in this scope
   inicializacion();
                  ^
div.cpp:386:22: error: â€˜inicializa_entornoâ€™ was not declared in this scope
   inicializa_entorno();
                      ^
div.cpp:390:35: warning: cast from â€˜void (*)()â€™ to â€˜intâ€™ loses precision [-fpermissive]
   if(beta_status==0) dialogo((int)betatest0);
                                   ^
div.cpp:403:11: error: â€˜entornoâ€™ was not declared in this scope
   entorno();
           ^
div.cpp:413:16: error: â€˜finalizacionâ€™ was not declared in this scope
   finalizacion();
                ^
div.cpp:424:41: error: â€˜struct ttipoâ€™ has no member named â€˜pathâ€™
     _dos_setdrive((int)toupper(*tipo[1].path)-'A'+1,&n);
                                         ^
div.cpp:425:19: error: â€˜struct ttipoâ€™ has no member named â€˜pathâ€™
     chdir(tipo[1].path);
                   ^
div.cpp:427:41: error: â€˜struct ttipoâ€™ has no member named â€˜pathâ€™
     _dos_setdrive((int)toupper(*tipo[0].path)-'A'+1,&n);
                                         ^
div.cpp:428:19: error: â€˜struct ttipoâ€™ has no member named â€˜pathâ€™
     chdir(tipo[0].path);
                   ^
div.cpp: In function â€˜void inicializa_entorno()â€™:
div.cpp:495:20: warning: cast from â€˜void (*)()â€™ to â€˜intâ€™ loses precision [-fpermissive]
       dialogo((int)usuario0);
                    ^
div.cpp:497:20: warning: cast from â€˜void (*)()â€™ to â€˜intâ€™ loses precision [-fpermissive]
       dialogo((int)copyright0);
                    ^
div.cpp:509:42: warning: cast from â€˜void (*)()â€™ to â€˜intâ€™ loses precision [-fpermissive]
       if (ventana[n].click_handler==(int)menu_principal2) break;
                                          ^
div.cpp:510:44: warning: cast from â€˜void (*)()â€™ to â€˜intâ€™ loses precision [-fpermissive]
     if (n==max_windows) nueva_ventana((int)menu_principal0);
                                            ^
div.cpp:513:32: warning: cast from â€˜void (*)()â€™ to â€˜intâ€™ loses precision [-fpermissive]
   if (test_video) dialogo((int)test0);
                                ^
div.cpp:519:36: warning: cast from â€˜void (*)()â€™ to â€˜intâ€™ loses precision [-fpermissive]
       if (error_code) dialogo((int)interr0);
                                    ^
div.cpp:522:31: warning: invalid conversion from â€˜unsigned char*â€™ to â€˜const char*â€™ [-fpermissive]
         strcpy(cWork,texto[366]);
                               ^
In file included from global.h:21:0,
                 from div.cpp:9:
/usr/include/string.h:129:14: note: initializing argument 2 of â€˜char* strcpy(char*, const char*)â€™
 extern char *strcpy (char *__restrict __dest, const char *__restrict __src)
              ^
div.cpp:525:37: warning: cast from â€˜void (*)()â€™ to â€˜intâ€™ loses precision [-fpermissive]
         v_texto=cWork; dialogo((int)intmsg0);
                                     ^
div.cpp:531:18: warning: deprecated conversion from string constant to â€˜char*â€™ [-Wwrite-strings]
   DaniDel("*.swp");
                  ^
div.cpp:532:17: error: â€˜chdirâ€™ was not declared in this scope
   chdir("system"); DaniDel("exec.*"); chdir("..");
                 ^
div.cpp:532:36: warning: deprecated conversion from string constant to â€˜char*â€™ [-Wwrite-strings]
   chdir("system"); DaniDel("exec.*"); chdir("..");
                                    ^
div.cpp:539:24: warning: cast from â€˜void (*)()â€™ to â€˜intâ€™ loses precision [-fpermissive]
     nueva_ventana((int)menu_principal0);
                        ^
div.cpp:540:22: error: â€˜minimiza_ventanaâ€™ was not declared in this scope
     minimiza_ventana();
                      ^
div.cpp: In function â€˜void interr1()â€™:
div.cpp:575:42: warning: invalid conversion from â€˜char*â€™ to â€˜unsigned char*â€™ [-fpermissive]
   wwrite(v.ptr,an,al,an/2,12,1,v_texto,c3);
                                          ^
In file included from div.cpp:9:0:
global.h:312:6: note: initializing argument 7 of â€˜void wwrite(unsigned char*, int, int, int, int, int, unsigned char*, unsigned char)â€™
 void wwrite(byte*copia,int an_copia,int al_copia,int x,int y,int centro,byte * ptr,byte c);
      ^
div.cpp: In function â€˜void interr0()â€™:
div.cpp:586:30: warning: invalid conversion from â€˜unsigned char*â€™ to â€˜char*â€™ [-fpermissive]
     case 1: v_texto=texto[368]; break;
                              ^
div.cpp:587:30: warning: invalid conversion from â€˜unsigned char*â€™ to â€˜char*â€™ [-fpermissive]
     case 2: v_texto=texto[369]; break;
                              ^
div.cpp:588:30: warning: invalid conversion from â€˜unsigned char*â€™ to â€˜char*â€™ [-fpermissive]
     case 3: v_texto=texto[370]; break;
                              ^
div.cpp:589:30: warning: invalid conversion from â€˜unsigned char*â€™ to â€˜char*â€™ [-fpermissive]
     case 4: v_texto=texto[371]; break;
                              ^
div.cpp:590:30: warning: invalid conversion from â€˜unsigned char*â€™ to â€˜char*â€™ [-fpermissive]
     case 5: v_texto=texto[372]; break;
                              ^
div.cpp:591:30: warning: invalid conversion from â€˜unsigned char*â€™ to â€˜char*â€™ [-fpermissive]
     case 6: v_texto=texto[373]; break;
                              ^
div.cpp:592:26: warning: invalid conversion from â€˜char*â€™ to â€˜unsigned char*â€™ [-fpermissive]
   } v.an=text_len(v_texto)+8; if (v.an<120) v.an=120;
                          ^
In file included from div.cpp:9:0:
global.h:314:5: note: initializing argument 1 of â€˜int text_len(unsigned char*)â€™
 int text_len(byte*ptr);
     ^
div.cpp:593:24: warning: cast from â€˜void (*)()â€™ to â€˜intâ€™ loses precision [-fpermissive]
   v.paint_handler=(int)interr1;
                        ^
div.cpp:594:24: warning: cast from â€˜void (*)()â€™ to â€˜intâ€™ loses precision [-fpermissive]
   v.click_handler=(int)interr2;
                        ^
div.cpp: In function â€˜void intmsg1()â€™:
div.cpp:606:42: warning: invalid conversion from â€˜char*â€™ to â€˜unsigned char*â€™ [-fpermissive]
   wwrite(v.ptr,an,al,an/2,12,1,v_texto,c3);
                                          ^
In file included from div.cpp:9:0:
global.h:312:6: note: initializing argument 7 of â€˜void wwrite(unsigned char*, int, int, int, int, int, unsigned char*, unsigned char)â€™
 void wwrite(byte*copia,int an_copia,int al_copia,int x,int y,int centro,byte * ptr,byte c);
      ^
div.cpp:607:26: warning: invalid conversion from â€˜unsigned char*â€™ to â€˜const char*â€™ [-fpermissive]
   sprintf(cWork,texto[374],v_modo);
                          ^
In file included from global.h:20:0,
                 from div.cpp:9:
/usr/include/stdio.h:364:12: note: initializing argument 2 of â€˜int sprintf(char*, const char*, ...)â€™
 extern int sprintf (char *__restrict __s,
            ^
div.cpp:608:42: warning: invalid conversion from â€˜char*â€™ to â€˜unsigned char*â€™ [-fpermissive]
   wwrite(v.ptr,an,al,an/2,12+8,1,cWork,c3);
                                          ^
In file included from div.cpp:9:0:
global.h:312:6: note: initializing argument 7 of â€˜void wwrite(unsigned char*, int, int, int, int, int, unsigned char*, unsigned char)â€™
 void wwrite(byte*copia,int an_copia,int al_copia,int x,int y,int centro,byte * ptr,byte c);
      ^
div.cpp: In function â€˜void intmsg0()â€™:
div.cpp:618:24: warning: invalid conversion from â€˜char*â€™ to â€˜unsigned char*â€™ [-fpermissive]
   v.an=text_len(v_texto)+8;
                        ^
In file included from div.cpp:9:0:
global.h:314:5: note: initializing argument 1 of â€˜int text_len(unsigned char*)â€™
 int text_len(byte*ptr);
     ^
div.cpp:621:24: warning: cast from â€˜void (*)()â€™ to â€˜intâ€™ loses precision [-fpermissive]
   v.paint_handler=(int)intmsg1;
                        ^
div.cpp:622:24: warning: cast from â€˜void (*)()â€™ to â€˜intâ€™ loses precision [-fpermissive]
   v.click_handler=(int)intmsg2;
                        ^
div.cpp: In function â€˜void entorno()â€™:
div.cpp:649:14: error: â€˜check_freeâ€™ was not declared in this scope
   check_free();
              ^
div.cpp:701:24: warning: invalid conversion from â€˜unsigned char*â€™ to â€˜char*â€™ [-fpermissive]
       v_titulo=texto[57]; v_texto=NULL;
                        ^
div.cpp:702:20: warning: cast from â€˜void (*)()â€™ to â€˜intâ€™ loses precision [-fpermissive]
       dialogo((int)aceptar0);
                    ^
div.cpp:711:38: warning: cast from â€˜void (*)()â€™ to â€˜intâ€™ loses precision [-fpermissive]
                   nueva_ventana((int)mapa0);
                                      ^
div.cpp:898:23: error: â€˜mueve_ventanaâ€™ was not declared in this scope
         mueve_ventana();
                       ^
div.cpp:912:37: warning: cast from â€˜void (*)()â€™ to â€˜intâ€™ loses precision [-fpermissive]
           if (v.click_handler==(int)menu_principal2) {
                                     ^
div.cpp:919:30: warning: invalid conversion from â€˜unsigned char*â€™ to â€˜char*â€™ [-fpermissive]
             v_titulo=texto[40]; v_texto=NULL; dialogo((int)aceptar0);
                              ^
div.cpp:919:60: warning: cast from â€˜void (*)()â€™ to â€˜intâ€™ loses precision [-fpermissive]
             v_titulo=texto[40]; v_texto=NULL; dialogo((int)aceptar0);
                                                            ^
div.cpp:929:42: warning: invalid conversion from â€˜unsigned char*â€™ to â€˜char*â€™ [-fpermissive]
               case 100: v_titulo=texto[50]; v_texto=v.titulo; break;
                                          ^
div.cpp:929:52: warning: invalid conversion from â€˜unsigned char*â€™ to â€˜char*â€™ [-fpermissive]
               case 100: v_titulo=texto[50]; v_texto=v.titulo; break;
                                                    ^
div.cpp:930:43: warning: invalid conversion from â€˜unsigned char*â€™ to â€˜char*â€™ [-fpermissive]
               case 102: v_titulo=texto[188]; v_texto=v.titulo; break;
                                           ^
div.cpp:930:53: warning: invalid conversion from â€˜unsigned char*â€™ to â€˜char*â€™ [-fpermissive]
               case 102: v_titulo=texto[188]; v_texto=v.titulo; break;
                                                     ^
div.cpp:933:28: warning: cast from â€˜void (*)()â€™ to â€˜intâ€™ loses precision [-fpermissive]
               dialogo((int)aceptar0); else v_aceptar=1;
                            ^
div.cpp:949:28: error: â€˜minimiza_ventanaâ€™ was not declared in this scope
           minimiza_ventana();
                            ^
div.cpp:963:60: error: â€˜mueve_ventanaâ€™ was not declared in this scope
         if ((mouse_b&1) && !(old_mouse_b&1)) mueve_ventana();
                                                            ^
div.cpp:1069:26: warning: cast from â€˜void (*)()â€™ to â€˜intâ€™ loses precision [-fpermissive]
             dialogo((int)buscar_texto0);
                          ^
div.cpp:1076:26: warning: cast from â€˜void (*)()â€™ to â€˜intâ€™ loses precision [-fpermissive]
             dialogo((int)sustituir_texto0);
                          ^
div.cpp:1082:28: error: â€˜struct ttipoâ€™ has no member named â€˜pathâ€™
             strcpy(tipo[8].path,v.prg->path);
                            ^
div.cpp:1082:40: error: â€˜struct tprgâ€™ has no member named â€˜pathâ€™
             strcpy(tipo[8].path,v.prg->path);
                                        ^
div.cpp:1088:23: warning: invalid conversion from â€˜char*â€™ to â€˜unsigned char*â€™ [-fpermissive]
             source_ptr=v.prg->buffer;
                       ^
div.cpp:1101:28: error: â€˜struct ttipoâ€™ has no member named â€˜pathâ€™
             strcpy(tipo[8].path,v.prg->path);
                            ^
div.cpp:1101:40: error: â€˜struct tprgâ€™ has no member named â€˜pathâ€™
             strcpy(tipo[8].path,v.prg->path);
                                        ^
div.cpp:1104:23: warning: invalid conversion from â€˜char*â€™ to â€˜unsigned char*â€™ [-fpermissive]
             source_ptr=v.prg->buffer;
                       ^
div.cpp:1117:26: warning: cast from â€˜void (*)()â€™ to â€˜intâ€™ loses precision [-fpermissive]
             dialogo((int)lista_procesos0);
                          ^
div.cpp:1142:25: warning: cast from â€˜void (*)()â€™ to â€˜intâ€™ loses precision [-fpermissive]
       case 1: call((int)betatest4); break;
                         ^
div.cpp:1143:25: warning: cast from â€˜void (*)()â€™ to â€˜intâ€™ loses precision [-fpermissive]
       case 2: call((int)betatest5); break;
                         ^
div.cpp:1144:25: warning: cast from â€˜void (*)()â€™ to â€˜intâ€™ loses precision [-fpermissive]
       case 3: call((int)betatest6); break;
                         ^
div.cpp:1153:44: warning: invalid conversion from â€˜unsigned char*â€™ to â€˜char*â€™ [-fpermissive]
       v_tipo=8; v_modo=0; v_texto=texto[346];
                                            ^
div.cpp:1154:20: warning: cast from â€˜void (*)()â€™ to â€˜intâ€™ loses precision [-fpermissive]
       dialogo((int)browser0);
                    ^
div.cpp:1157:27: warning: invalid conversion from â€˜unsigned char*â€™ to â€˜char*â€™ [-fpermissive]
           v_texto=texto[43]; dialogo((int)err0);
                           ^
div.cpp:1157:43: warning: cast from â€˜void (*)()â€™ to â€˜intâ€™ loses precision [-fpermissive]
           v_texto=texto[43]; dialogo((int)err0);
                                           ^
div.cpp:1166:22: error: â€˜determina_prg2â€™ was not declared in this scope
       determina_prg2();
                      ^
div.cpp:1182:16: error: cannot resolve overloaded function â€˜indexâ€™ based on conversion to type â€˜char*â€™
               p=index;
                ^
div.cpp:1183:24: warning: comparison between distinct pointer types â€˜char*â€™ and â€˜unsigned char*â€™ lacks a cast [-fpermissive]
               while (p<index_end) {
                        ^
div.cpp:1187:24: warning: comparison between distinct pointer types â€˜char*â€™ and â€˜unsigned char*â€™ lacks a cast [-fpermissive]
               } if (p>=index_end) help(3);
                        ^
div.cpp:1192:24: error: â€˜determina_calcâ€™ was not declared in this scope
         determina_calc();
                        ^
div.cpp:1200:24: warning: invalid conversion from â€˜unsigned char*â€™ to â€˜char*â€™ [-fpermissive]
       v_titulo=texto[40]; v_texto=NULL; dialogo((int)aceptar0);
                        ^
div.cpp:1200:54: warning: cast from â€˜void (*)()â€™ to â€˜intâ€™ loses precision [-fpermissive]
       v_titulo=texto[40]; v_texto=NULL; dialogo((int)aceptar0);
                                                      ^
div.cpp:1204:50: error: â€˜shellâ€™ was not declared in this scope
     if ((shift_status&8) && scan_code==31) shell();
                                                  ^
div.cpp: At global scope:
div.cpp:1240:43: warning: deprecated conversion from string constant to â€˜char*â€™ [-Wwrite-strings]
 char *paths_to_check[] = {"COMSPEC","PATH"};
                                           ^
div.cpp:1240:43: warning: deprecated conversion from string constant to â€˜char*â€™ [-Wwrite-strings]
div.cpp: In function â€˜char* command_path()â€™:
div.cpp:1248:45: error: â€˜strlwrâ€™ was not declared in this scope
          strlwr(strcpy(fullpath,commandpath));
                                             ^
div.cpp:1249:54: error: cannot convert â€˜char (*)[128]â€™ to â€˜char*â€™ in return
         if (strstr(fullpath,".com")) return(&fullpath);
                                                      ^
div.cpp:1253:56: error: â€˜_searchenvâ€™ was not declared in this scope
     _searchenv("command.com",paths_to_check[i],fullpath);
                                                        ^
div.cpp:1254:37: error: cannot convert â€˜char (*)[128]â€™ to â€˜char*â€™ in return
     if(fullpath[0]) return(&fullpath);
                                     ^
div.cpp: In function â€˜void shell()â€™:
div.cpp:1263:22: warning: invalid conversion from â€˜unsigned char*â€™ to â€˜char*â€™ [-fpermissive]
     v_texto=texto[390]; dialogo((int)err0);
                      ^
div.cpp:1263:38: warning: cast from â€˜void (*)()â€™ to â€˜intâ€™ loses precision [-fpermissive]
     v_texto=texto[390]; dialogo((int)err0);
                                      ^
div.cpp:1268:19: error: â€˜_TEXTC80â€™ was not declared in this scope
     _setvideomode(_TEXTC80);
                   ^
div.cpp:1268:27: error: â€˜_setvideomodeâ€™ was not declared in this scope
     _setvideomode(_TEXTC80);
                           ^
div.cpp:1269:31: warning: deprecated conversion from string constant to â€˜char*â€™ [-Wwrite-strings]
     putenv("PROMPT=[DIV] $P$G");
                               ^
div.cpp:1270:19: error: â€˜struct ttipoâ€™ has no member named â€˜pathâ€™
     chdir(tipo[0].path);
                   ^
div.cpp:1270:23: error: â€˜chdirâ€™ was not declared in this scope
     chdir(tipo[0].path);
                       ^
div.cpp:1272:14: error: â€˜flushallâ€™ was not declared in this scope
     flushall();
              ^
div.cpp:1273:14: error: â€˜_heapminâ€™ was not declared in this scope
     _heapmin();
              ^
div.cpp:1274:17: error: â€˜_heapshrinkâ€™ was not declared in this scope
     _heapshrink();
                 ^
div.cpp:1277:41: error: â€˜struct ttipoâ€™ has no member named â€˜pathâ€™
     _dos_setdrive((int)toupper(*tipo[1].path)-'A'+1,&n);
                                         ^
div.cpp:1277:55: error: â€˜_dos_setdriveâ€™ was not declared in this scope
     _dos_setdrive((int)toupper(*tipo[1].path)-'A'+1,&n);
                                                       ^
div.cpp:1278:19: error: â€˜struct ttipoâ€™ has no member named â€˜pathâ€™
     chdir(tipo[1].path);
                   ^
div.cpp: In function â€˜void entorno_dialogo()â€™:
div.cpp:1364:75: error: â€˜mueve_ventanaâ€™ was not declared in this scope
       if (mouse_graf==2 && (mouse_b&1) && !(old_mouse_b&1)) mueve_ventana();
                                                                           ^
div.cpp:1433:16: error: â€˜flushallâ€™ was not declared in this scope
   if (flushall()>10) fcloseall();
                ^
div.cpp: In function â€˜void se_ha_movido_desde(int, int, int, int)â€™:
div.cpp:1451:33: error: â€˜actualiza_dialogosâ€™ was not declared in this scope
     actualiza_dialogos(x,y,an,al);
                                 ^
div.cpp:1462:38: error: â€˜colisiona_conâ€™ was not declared in this scope
         if (colisiona_con(n,x,y,an,al)) {
                                      ^
div.cpp: In function â€˜void maximiza_ventana()â€™:
div.cpp:1520:61: error: â€˜extrudeâ€™ was not declared in this scope
   if (exploding_windows) extrude(x,y,an,al,v.x,v.y,v.an,v.al);
                                                             ^
div.cpp: In function â€˜void minimiza_ventana()â€™:
div.cpp:1540:31: error: â€˜desactivarâ€™ was not declared in this scope
   if (v.tipo>=100) desactivar();
                               ^
div.cpp:1563:61: error: â€˜extrudeâ€™ was not declared in this scope
   if (exploding_windows) extrude(x,y,an,al,v.x,v.y,v.an,v.al);
                                                             ^
div.cpp: In function â€˜void cierra_ventana()â€™:
div.cpp:1585:29: warning: cast from â€˜void (*)()â€™ to â€˜intâ€™ loses precision [-fpermissive]
   if (v.click_handler!=(int)err2) free(v.ptr);
                             ^
div.cpp:1587:29: warning: cast from â€˜void (*)()â€™ to â€˜intâ€™ loses precision [-fpermissive]
   if (v.click_handler==(int)help2 && old_prg!=NULL) {
                             ^
div.cpp:1589:42: warning: cast from â€˜void (*)()â€™ to â€˜intâ€™ loses precision [-fpermissive]
       if (ventana[m].click_handler==(int)programa2 || ventana[m].click_handler==(int)calc2) {
                                          ^
div.cpp:1589:86: warning: cast from â€˜void (*)()â€™ to â€˜intâ€™ loses precision [-fpermissive]
       if (ventana[m].click_handler==(int)programa2 || ventana[m].click_handler==(int)calc2) {
                                                                                      ^
div.cpp:1624:11: error: type â€˜intâ€™ argument given to â€˜deleteâ€™, expected pointer
   delete(0);
           ^
div.cpp:1628:33: error: â€˜actualiza_dialogosâ€™ was not declared in this scope
     actualiza_dialogos(x,y,an,al);
                                 ^
div.cpp:1640:36: error: â€˜colisiona_conâ€™ was not declared in this scope
       if (colisiona_con(n,x,y,an,al)) {
                                    ^
div.cpp:1655:43: error: â€˜implodeâ€™ was not declared in this scope
   if (exploding_windows) implode(x,y,an,al);
                                           ^
div.cpp: In function â€˜void mueve_ventana()â€™:
div.cpp:1665:50: error: â€˜mueve_ventana_completaâ€™ was not declared in this scope
   if (move_full_window) { mueve_ventana_completa(); return; }
                                                  ^
div.cpp:1687:35: error: â€˜actualiza_dialogosâ€™ was not declared in this scope
       actualiza_dialogos(x,y,an,al);
                                   ^
div.cpp:1731:77: error: â€˜extrudeâ€™ was not declared in this scope
         if (exploding_windows) extrude(oldx,oldy,v.an,v.al,v.x,v.y,v.an,v.al);
                                                                             ^
div.cpp: In function â€˜void mueve_ventana_completa()â€™:
div.cpp:1788:77: error: â€˜extrudeâ€™ was not declared in this scope
         if (exploding_windows) extrude(oldx,oldy,v.an,v.al,v.x,v.y,v.an,v.al);
                                                                             ^
div.cpp: In function â€˜void actualiza_caja(int, int, int, int)â€™:
div.cpp:1815:27: error: â€˜restaura_tapizâ€™ was not declared in this scope
   restaura_tapiz(x,y,an,al);
                           ^
div.cpp:1822:84: error: â€˜colisiona_conâ€™ was not declared in this scope
   for (n=max_windows-1;n>=0;n--) if (ventana[n].tipo) if (colisiona_con(n,x,y,an,al))
                                                                                    ^
div.cpp: In function â€˜void actualiza_dialogos(int, int, int, int)â€™:
div.cpp:1872:87: error: â€˜colisiona_conâ€™ was not declared in this scope
   for (n=max_windows-1;n>=0;n--) if (ventana[n].tipo==1) if (colisiona_con(n,x,y,an,al))
                                                                                       ^
div.cpp: In function â€˜void actualiza_caja2(int, int, int, int, int)â€™:
div.cpp:1911:75: error: â€˜colisiona_conâ€™ was not declared in this scope
   for (n=vent;n>=0;n--) if (ventana[n].tipo) if (colisiona_con(n,x,y,an,al))
                                                                           ^
div.cpp: In function â€˜void vuelca_ventana(int)â€™:
div.cpp:2060:40: warning: cast from â€˜void (*)()â€™ to â€˜intâ€™ loses precision [-fpermissive]
     if (ventana[m].click_handler==(int)MapperCreator2 && ventana[m].volcar==2) {
                                        ^
div.cpp:2077:72: error: â€˜colisiona_conâ€™ was not declared in this scope
   for (n=m;n>=0;n--) if (ventana[n].tipo) if (colisiona_con(n,x,y,an,al))
                                                                        ^
div.cpp: In function â€˜void emplazar(int, int*, int*, int, int)â€™:
div.cpp:2154:67: error: â€˜colisiona_conâ€™ was not declared in this scope
           if (ventana[m].tipo && colisiona_con(m,x-1,y-1,an+2,al+2))
                                                                   ^
div.cpp:2164:67: error: â€˜colisiona_conâ€™ was not declared in this scope
           if (ventana[m].tipo && colisiona_con(m,x-1,y-1,an+2,al+2))
                                                                   ^
div.cpp:2174:55: error: â€˜posicion_menos_malaâ€™ was not declared in this scope
     if (*_y+al>vga_al) posicion_menos_mala(_x,_y,an,al);
                                                       ^
div.cpp: In function â€˜void posicion_menos_mala(int*, int*, int, int)â€™:
div.cpp:2195:36: error: â€˜calcular_colisionâ€™ was not declared in this scope
       c=calcular_colision(x,y,an,al);
                                    ^
div.cpp: In function â€˜int calcular_colision(int, int, int, int)â€™:
div.cpp:2206:45: error: â€˜cuanto_colisiona_conâ€™ was not declared in this scope
       if (c=cuanto_colisiona_con(n,x,y,an,al))
                                             ^
div.cpp: In function â€˜void volcado_copia()â€™:
div.cpp:2270:18: warning: invalid conversion from â€˜unsigned char*â€™ to â€˜char*â€™ [-fpermissive]
     volcado(copia);
                  ^
In file included from div.cpp:9:0:
global.h:158:6: note: initializing argument 1 of â€˜void volcado(char*)â€™
 void volcado(char *);
      ^
div.cpp:2275:18: warning: invalid conversion from â€˜unsigned char*â€™ to â€˜char*â€™ [-fpermissive]
     volcado(copia);
                  ^
In file included from div.cpp:9:0:
global.h:158:6: note: initializing argument 1 of â€˜void volcado(char*)â€™
 void volcado(char *);
      ^
div.cpp: In function â€˜void nueva_ventana(int)â€™:
div.cpp:2308:13: warning: invalid conversion from â€˜const char*â€™ to â€˜unsigned char*â€™ [-fpermissive]
     v.nombre="?";
             ^
div.cpp:2309:13: warning: invalid conversion from â€˜const char*â€™ to â€˜unsigned char*â€™ [-fpermissive]
     v.titulo="?";
             ^
div.cpp:2310:26: warning: cast from â€˜void (*)()â€™ to â€˜intâ€™ loses precision [-fpermissive]
     v.paint_handler=(int)dummy_handler;
                          ^
div.cpp:2311:26: warning: cast from â€˜void (*)()â€™ to â€˜intâ€™ loses precision [-fpermissive]
     v.click_handler=(int)dummy_handler;
                          ^
div.cpp:2312:26: warning: cast from â€˜void (*)()â€™ to â€˜intâ€™ loses precision [-fpermissive]
     v.close_handler=(int)dummy_handler;
                          ^
div.cpp:2362:84: warning: cast from â€˜void (*)()â€™ to â€˜intâ€™ loses precision [-fpermissive]
         if (v.tipo==102 && (ventana[m].prg!=NULL || ventana[m].click_handler==(int)calc2) && ventana[m].tipo==102) { // Borra cursor
                                                                                    ^
div.cpp:2382:29: warning: invalid conversion from â€˜void*â€™ to â€˜unsigned char*â€™ [-fpermissive]
     if (!n) ptr=malloc(an*al); else ptr=NULL;
                             ^
div.cpp:2474:17: error: type â€˜intâ€™ argument given to â€˜deleteâ€™, expected pointer
         delete(0);
                 ^
div.cpp:2479:19: error: type â€˜intâ€™ argument given to â€˜deleteâ€™, expected pointer
           delete(0);
                   ^
div.cpp:2485:19: error: type â€˜intâ€™ argument given to â€˜deleteâ€™, expected pointer
           delete(0);
                   ^
div.cpp:2494:17: error: type â€˜intâ€™ argument given to â€˜deleteâ€™, expected pointer
         delete(0);
                 ^
div.cpp: In function â€˜void dialogo(int)â€™:
div.cpp:2642:13: warning: invalid conversion from â€˜const char*â€™ to â€˜unsigned char*â€™ [-fpermissive]
     v.nombre="?";
             ^
div.cpp:2643:13: warning: invalid conversion from â€˜const char*â€™ to â€˜unsigned char*â€™ [-fpermissive]
     v.titulo="?";
             ^
div.cpp:2644:26: warning: cast from â€˜void (*)()â€™ to â€˜intâ€™ loses precision [-fpermissive]
     v.paint_handler=(int)dummy_handler;
                          ^
div.cpp:2645:26: warning: cast from â€˜void (*)()â€™ to â€˜intâ€™ loses precision [-fpermissive]
     v.click_handler=(int)dummy_handler;
                          ^
div.cpp:2646:26: warning: cast from â€˜void (*)()â€™ to â€˜intâ€™ loses precision [-fpermissive]
     v.close_handler=(int)dummy_handler;
                          ^
div.cpp:2669:31: warning: cast from â€˜void (*)()â€™ to â€˜intâ€™ loses precision [-fpermissive]
     if (v.click_handler==(int)err2) ptr=error_window; else ptr=malloc(an*al);
                               ^
div.cpp:2669:76: warning: invalid conversion from â€˜void*â€™ to â€˜unsigned char*â€™ [-fpermissive]
     if (v.click_handler==(int)err2) ptr=error_window; else ptr=malloc(an*al);
                                                                            ^
div.cpp:2702:37: warning: invalid conversion from â€˜unsigned char*â€™ to â€˜const char*â€™ [-fpermissive]
       if (!strcmp(v.titulo,texto[41]) || !strcmp(v.titulo,texto[367]))
                                     ^
In file included from global.h:21:0,
                 from div.cpp:9:
/usr/include/string.h:144:12: note: initializing argument 1 of â€˜int strcmp(const char*, const char*)â€™
 extern int strcmp (const char *__s1, const char *__s2)
            ^
div.cpp:2702:36: warning: invalid conversion from â€˜unsigned char*â€™ to â€˜const char*â€™ [-fpermissive]
       if (!strcmp(v.titulo,texto[41]) || !strcmp(v.titulo,texto[367]))
                                    ^
In file included from global.h:21:0,
                 from div.cpp:9:
/usr/include/string.h:144:12: note: initializing argument 2 of â€˜int strcmp(const char*, const char*)â€™
 extern int strcmp (const char *__s1, const char *__s2)
            ^
div.cpp:2702:69: warning: invalid conversion from â€˜unsigned char*â€™ to â€˜const char*â€™ [-fpermissive]
       if (!strcmp(v.titulo,texto[41]) || !strcmp(v.titulo,texto[367]))
                                                                     ^
In file included from global.h:21:0,
                 from div.cpp:9:
/usr/include/string.h:144:12: note: initializing argument 1 of â€˜int strcmp(const char*, const char*)â€™
 extern int strcmp (const char *__s1, const char *__s2)
            ^
div.cpp:2702:68: warning: invalid conversion from â€˜unsigned char*â€™ to â€˜const char*â€™ [-fpermissive]
       if (!strcmp(v.titulo,texto[41]) || !strcmp(v.titulo,texto[367]))
                                                                    ^
In file included from global.h:21:0,
                 from div.cpp:9:
/usr/include/string.h:144:12: note: initializing argument 2 of â€˜int strcmp(const char*, const char*)â€™
 extern int strcmp (const char *__s1, const char *__s2)
            ^
div.cpp:2733:15: error: type â€˜intâ€™ argument given to â€˜deleteâ€™, expected pointer
       delete(0);
               ^
div.cpp: In function â€˜void refrescadialogo()â€™:
div.cpp:2745:37: warning: invalid conversion from â€˜unsigned char*â€™ to â€˜const char*â€™ [-fpermissive]
       if (!strcmp(v.titulo,texto[41])) wgra(ptr,an,al,c_r_low,2,2,an-12,7);
                                     ^
In file included from global.h:21:0,
                 from div.cpp:9:
/usr/include/string.h:144:12: note: initializing argument 1 of â€˜int strcmp(const char*, const char*)â€™
 extern int strcmp (const char *__s1, const char *__s2)
            ^
div.cpp:2745:36: warning: invalid conversion from â€˜unsigned char*â€™ to â€˜const char*â€™ [-fpermissive]
       if (!strcmp(v.titulo,texto[41])) wgra(ptr,an,al,c_r_low,2,2,an-12,7);
                                    ^
In file included from global.h:21:0,
                 from div.cpp:9:
/usr/include/string.h:144:12: note: initializing argument 2 of â€˜int strcmp(const char*, const char*)â€™
 extern int strcmp (const char *__s1, const char *__s2)
            ^
div.cpp: In function â€˜void inicializacion()â€™:
div.cpp:2796:22: error: â€˜check_oldpifâ€™ was not declared in this scope
         check_oldpif();
                      ^
div.cpp:2803:23: warning: invalid conversion from â€˜unsigned char*â€™ to â€˜const char*â€™ [-fpermissive]
         printf(texto[6]); // *** Init buffers gr ficos ***
                       ^
In file included from global.h:20:0,
                 from div.cpp:9:
/usr/include/stdio.h:362:12: note: initializing argument 1 of â€˜int printf(const char*, ...)â€™
 extern int printf (const char *__restrict __format, ...);
            ^
div.cpp:2803:24: warning: format not a string literal and no format arguments [-Wformat-security]
         printf(texto[6]); // *** Init buffers gr ficos ***
                        ^
div.cpp:2895:38: warning: invalid conversion from â€˜unsigned char*â€™ to â€˜const char*â€™ [-fpermissive]
   if (!Interpretando) printf(texto[10]); // *** Carga los objetos editados ***
                                      ^
In file included from global.h:20:0,
                 from div.cpp:9:
/usr/include/stdio.h:362:12: note: initializing argument 1 of â€˜int printf(const char*, ...)â€™
 extern int printf (const char *__restrict __format, ...);
            ^
div.cpp:2895:39: warning: format not a string literal and no format arguments [-Wformat-security]
   if (!Interpretando) printf(texto[10]); // *** Carga los objetos editados ***
                                       ^
div.cpp:2900:42: error: â€˜cprintfâ€™ was not declared in this scope
     if (!Interpretando) cprintf(texto[11]); // *** C lculos sobre la paleta ***
                                          ^
div.cpp:2901:16: error: â€˜system_dacâ€™ was not declared in this scope
     memcpy(dac,system_dac,768);
                ^
div.cpp:2906:38: warning: invalid conversion from â€˜unsigned char*â€™ to â€˜const char*â€™ [-fpermissive]
   if (!Interpretando) printf(texto[12]); // *** Miscel nea ***
                                      ^
In file included from global.h:20:0,
                 from div.cpp:9:
/usr/include/stdio.h:362:12: note: initializing argument 1 of â€˜int printf(const char*, ...)â€™
 extern int printf (const char *__restrict __format, ...);
            ^
div.cpp:2906:39: warning: format not a string literal and no format arguments [-Wformat-security]
   if (!Interpretando) printf(texto[12]); // *** Miscel nea ***
                                       ^
div.cpp:2911:27: error: â€˜default_reglasâ€™ was not declared in this scope
   color=0; default_reglas(); modo=101;
                           ^
div.cpp:2920:22: error: â€˜determina_unidadesâ€™ was not declared in this scope
   determina_unidades();
                      ^
div.cpp:2925:38: warning: invalid conversion from â€˜unsigned char*â€™ to â€˜const char*â€™ [-fpermissive]
   if (!Interpretando) printf(texto[13]);
                                      ^
In file included from global.h:20:0,
                 from div.cpp:9:
/usr/include/stdio.h:362:12: note: initializing argument 1 of â€˜int printf(const char*, ...)â€™
 extern int printf (const char *__restrict __format, ...);
            ^
div.cpp:2925:39: warning: format not a string literal and no format arguments [-Wformat-security]
   if (!Interpretando) printf(texto[13]);
                                       ^
div.cpp:2944:16: warning: invalid conversion from â€˜unsigned char*â€™ to â€˜char*â€™ [-fpermissive]
   volcado(copia);
                ^
In file included from div.cpp:9:0:
global.h:158:6: note: initializing argument 1 of â€˜void volcado(char*)â€™
 void volcado(char *);
      ^
div.cpp:2948:6: error: â€˜judascfg_deviceâ€™ was not declared in this scope
   if(judascfg_device!=DEV_NOSOUND) set_init_mixer();
      ^
div.cpp:2948:23: error: â€˜DEV_NOSOUNDâ€™ was not declared in this scope
   if(judascfg_device!=DEV_NOSOUND) set_init_mixer();
                       ^
div.cpp: In function â€˜void determina_unidades()â€™:
div.cpp:3005:14: error: aggregate â€˜determina_unidades()::REGS râ€™ has incomplete type and cannot be defined
   union REGS r;
              ^
div.cpp:3008:42: error: â€˜intdosâ€™ was not declared in this scope
     r.h.bl=n; r.w.ax=0x440e; intdos(&r,&r);
                                          ^
div.cpp:3009:19: error: â€˜INTR_CFâ€™ was not declared in this scope
     if (r.w.cflag&INTR_CF)
                   ^
div.cpp: In function â€˜void error(int)â€™:
div.cpp:3035:20: warning: invalid conversion from â€˜unsigned char*â€™ to â€˜const char*â€™ [-fpermissive]
     printf(texto[14],n);
                    ^
In file included from global.h:20:0,
                 from div.cpp:9:
/usr/include/stdio.h:362:12: note: initializing argument 1 of â€˜int printf(const char*, ...)â€™
 extern int printf (const char *__restrict __format, ...);
            ^
div.cpp: In function â€˜int GetHeapFree(int)â€™:
div.cpp:3060:20: error: aggregate â€˜GetHeapFree(int)::_heapinfo h_infoâ€™ has incomplete type and cannot be defined
   struct _heapinfo h_info;
                    ^
div.cpp:3066:36: error: â€˜_heapwalkâ€™ was not declared in this scope
   heap_status = _heapwalk( &h_info );
                                    ^
div.cpp:3067:24: error: â€˜_HEAPOKâ€™ was not declared in this scope
   while(heap_status == _HEAPOK ) {
                        ^
div.cpp:3068:27: error: â€˜_USEDENTRYâ€™ was not declared in this scope
     if(h_info._useflag == _USEDENTRY) Use+=h_info._size;
                           ^
div.cpp: In function â€˜char* GetMemoryFree()â€™:
div.cpp:3076:16: error: aggregate â€˜GetMemoryFree()::REGS regsâ€™ has incomplete type and cannot be defined
   union  REGS  regs;
                ^
div.cpp:3077:16: error: aggregate â€˜GetMemoryFree()::SREGS sregsâ€™ has incomplete type and cannot be defined
   struct SREGS sregs;
                ^
div.cpp:3081:29: error: â€˜FP_SEGâ€™ was not declared in this scope
   sregs.es  =FP_SEG(&MemInfo);
                             ^
div.cpp:3082:29: error: â€˜FP_OFFâ€™ was not declared in this scope
   regs.x.edi=FP_OFF(&MemInfo);
                             ^
div.cpp:3083:35: error: â€˜int386xâ€™ was not declared in this scope
   int386x(0x031,&regs,&regs,&sregs);
                                   ^
div.cpp: In function â€˜void _show_items()â€™:
div.cpp:3153:37: error: â€˜show_buttonâ€™ was not declared in this scope
       case 1: show_button(&v.item[n]); break;
                                     ^
div.cpp:3154:34: error: â€˜show_getâ€™ was not declared in this scope
       case 2: show_get(&v.item[n]); break;
                                  ^
div.cpp:3155:35: error: â€˜show_flagâ€™ was not declared in this scope
       case 3: show_flag(&v.item[n]); break;
                                   ^
div.cpp: In function â€˜void show_button(t_item*)â€™:
div.cpp:3163:53: error: â€˜select_buttonâ€™ was not declared in this scope
   if (&v.item[v.selected_item]==i) select_button(i,1);
                                                     ^
div.cpp: In function â€˜void show_get(t_item*)â€™:
div.cpp:3193:38: error: â€˜select_getâ€™ was not declared in this scope
     if (i->estado&2) select_get(i,0,0);
                                      ^
div.cpp:3194:21: error: â€˜select_getâ€™ was not declared in this scope
     select_get(i,1,0);
                     ^
div.cpp: In function â€˜void select_get(t_item*, int, int)â€™:
div.cpp:3203:48: warning: invalid conversion from â€˜unsigned char*â€™ to â€˜const char*â€™ [-fpermissive]
     if (i->estado&2) { strcpy(get,i->get.buffer); get_pos=strlen(get); }
                                                ^
In file included from global.h:21:0,
                 from div.cpp:9:
/usr/include/string.h:129:14: note: initializing argument 2 of â€˜char* strcpy(char*, const char*)â€™
 extern char *strcpy (char *__restrict __dest, const char *__restrict __src)
              ^
div.cpp:3206:82: warning: invalid conversion from â€˜unsigned char*â€™ to â€˜char*â€™ [-fpermissive]
     if (i->estado&2) if (*get) if (i->get.r0==i->get.r1) strcpy(i->get.buffer,get); else {
                                                                                  ^
In file included from global.h:21:0,
                 from div.cpp:9:
/usr/include/string.h:129:14: note: initializing argument 1 of â€˜char* strcpy(char*, const char*)â€™
 extern char *strcpy (char *__restrict __dest, const char *__restrict __src)
              ^
div.cpp:3207:88: error: â€˜itoaâ€™ was not declared in this scope
       if (atoi(get)>=i->get.r0 && atoi(get)<=i->get.r1) itoa(atoi(get),i->get.buffer,10);
                                                                                        ^
div.cpp:3210:37: warning: cast from â€˜void (*)()â€™ to â€˜intâ€™ loses precision [-fpermissive]
         v_texto=cWork; dialogo((int)err0);
                                     ^
div.cpp: In function â€˜void _process_items()â€™:
div.cpp:3262:69: warning: invalid conversion from â€˜unsigned char*â€™ to â€˜char*â€™ [-fpermissive]
           if (superget) strcpy(v.item[v.selected_item].get.buffer,"");
                                                                     ^
In file included from global.h:21:0,
                 from div.cpp:9:
/usr/include/string.h:129:14: note: initializing argument 1 of â€˜char* strcpy(char*, const char*)â€™
 extern char *strcpy (char *__restrict __dest, const char *__restrict __src)
              ^
div.cpp:3263:56: warning: invalid conversion from â€˜unsigned char*â€™ to â€˜const char*â€™ [-fpermissive]
           strcpy(get,v.item[v.selected_item].get.buffer);
                                                        ^
In file included from global.h:21:0,
                 from div.cpp:9:
/usr/include/string.h:129:14: note: initializing argument 2 of â€˜char* strcpy(char*, const char*)â€™
 extern char *strcpy (char *__restrict __dest, const char *__restrict __src)
              ^
div.cpp:3281:31: error: â€˜button_statusâ€™ was not declared in this scope
         estado=button_status(n);
                               ^
div.cpp:3282:62: error: â€˜process_buttonâ€™ was not declared in this scope
         if (estado!=v.item[n].estado) process_button(n,estado);
                                                              ^
div.cpp:3285:28: error: â€˜get_statusâ€™ was not declared in this scope
         estado=get_status(n);
                            ^
div.cpp:3286:72: error: â€˜process_getâ€™ was not declared in this scope
         if (estado!=v.item[n].estado || estado>=2) process_get(n,estado);
                                                                        ^
div.cpp:3289:29: error: â€˜flag_statusâ€™ was not declared in this scope
         estado=flag_status(n);
                             ^
div.cpp:3290:60: error: â€˜process_flagâ€™ was not declared in this scope
         if (estado!=v.item[n].estado) process_flag(n,estado);
                                                            ^
div.cpp: In function â€˜int get_status(int)â€™:
div.cpp:3373:36: warning: invalid conversion from â€˜unsigned char*â€™ to â€˜const char*â€™ [-fpermissive]
   if (strcmp(v.item[n].get.texto,"")) {
                                    ^
In file included from global.h:21:0,
                 from div.cpp:9:
/usr/include/string.h:144:12: note: initializing argument 1 of â€˜int strcmp(const char*, const char*)â€™
 extern int strcmp (const char *__s1, const char *__s2)
            ^
div.cpp:3385:31: warning: cast from â€˜void (*)()â€™ to â€˜intâ€™ loses precision [-fpermissive]
     if (v.click_handler!=(int)MapperCreator2 || (ascii>='0' && ascii<='9')) {
                               ^
div.cpp: In function â€˜void process_get(int, int)â€™:
div.cpp:3404:37: warning: invalid conversion from â€˜unsigned char*â€™ to â€˜const char*â€™ [-fpermissive]
      strcpy(get,v.item[n].get.buffer);
                                     ^
In file included from global.h:21:0,
                 from div.cpp:9:
/usr/include/string.h:129:14: note: initializing argument 2 of â€˜char* strcpy(char*, const char*)â€™
 extern char *strcpy (char *__restrict __dest, const char *__restrict __src)
              ^
div.cpp:3411:24: error: â€˜get_inputâ€™ was not declared in this scope
     case 2: get_input(n); break;
                        ^
div.cpp: In function â€˜void get_input(int)â€™:
div.cpp:3474:74: warning: invalid conversion from â€˜unsigned char*â€™ to â€˜char*â€™ [-fpermissive]
       if (!*get && superget) strcpy(v.item[v.selected_item].get.buffer,"");
                                                                          ^
In file included from global.h:21:0,
                 from div.cpp:9:
/usr/include/string.h:129:14: note: initializing argument 1 of â€˜char* strcpy(char*, const char*)â€™
 extern char *strcpy (char *__restrict __dest, const char *__restrict __src)
              ^
div.cpp:3492:80: warning: invalid conversion from â€˜unsigned char*â€™ to â€˜char*â€™ [-fpermissive]
             if (!*get && superget) strcpy(v.item[v.selected_item].get.buffer,"");
                                                                                ^
In file included from global.h:21:0,
                 from div.cpp:9:
/usr/include/string.h:129:14: note: initializing argument 1 of â€˜char* strcpy(char*, const char*)â€™
 extern char *strcpy (char *__restrict __dest, const char *__restrict __src)
              ^
div.cpp:3497:35: warning: cast from â€˜void (*)()â€™ to â€˜intâ€™ loses precision [-fpermissive]
         if (v.click_handler!=(int)MapperCreator2 || (ascii>='0' && ascii<='9')) {
                                   ^
div.cpp:3516:22: warning: invalid conversion from â€˜char*â€™ to â€˜unsigned char*â€™ [-fpermissive]
     l=text_len2(cwork);
                      ^
div.cpp:3458:5: note: initializing argument 1 of â€˜int text_len2(unsigned char*)â€™
 int text_len2(byte * ptr);
     ^
div.cpp:3526:126: warning: invalid conversion from â€˜char*â€™ to â€˜unsigned char*â€™ [-fpermissive]
     wwrite_in_box(v.ptr+(v.item[n].get.x+1)*big2,v.an/big2,v.item[n].get.an-2,v.al/big2,0-scroll,v.item[n].get.y+9,0,cwork,c4);
                                                                                                                              ^
In file included from div.cpp:9:0:
global.h:313:6: note: initializing argument 8 of â€˜void wwrite_in_box(unsigned char*, int, int, int, int, int, int, unsigned char*, unsigned char)â€™
 void wwrite_in_box(byte*copia,int an_real_copia,int an_copia,int al_copia,int x,int y,int centro,byte * ptr,byte c);
      ^
div.cpp: In function â€˜void Save_Cfgbin()â€™:
div.cpp:3635:26: error: â€˜SetupFileâ€™ has no member named â€˜Dir_cwdâ€™
         strcpy(Setupfile.Dir_cwd,tipo[0].path);
                          ^
div.cpp:3635:42: error: â€˜struct ttipoâ€™ has no member named â€˜pathâ€™
         strcpy(Setupfile.Dir_cwd,tipo[0].path);
                                          ^
div.cpp:3636:26: error: â€˜SetupFileâ€™ has no member named â€˜Dir_mapâ€™
         strcpy(Setupfile.Dir_map,tipo[2].path);
                          ^
div.cpp:3636:42: error: â€˜struct ttipoâ€™ has no member named â€˜pathâ€™
         strcpy(Setupfile.Dir_map,tipo[2].path);
                                          ^
div.cpp:3637:26: error: â€˜SetupFileâ€™ has no member named â€˜Dir_palâ€™
         strcpy(Setupfile.Dir_pal,tipo[3].path);
                          ^
div.cpp:3637:42: error: â€˜struct ttipoâ€™ has no member named â€˜pathâ€™
         strcpy(Setupfile.Dir_pal,tipo[3].path);
                                          ^
div.cpp:3638:26: error: â€˜SetupFileâ€™ has no member named â€˜Dir_fpgâ€™
         strcpy(Setupfile.Dir_fpg,tipo[4].path);
                          ^
div.cpp:3638:42: error: â€˜struct ttipoâ€™ has no member named â€˜pathâ€™
         strcpy(Setupfile.Dir_fpg,tipo[4].path);
                                          ^
div.cpp:3639:26: error: â€˜SetupFileâ€™ has no member named â€˜Dir_fntâ€™
         strcpy(Setupfile.Dir_fnt,tipo[5].path);
                          ^
div.cpp:3639:42: error: â€˜struct ttipoâ€™ has no member named â€˜pathâ€™
         strcpy(Setupfile.Dir_fnt,tipo[5].path);
                                          ^
div.cpp:3640:26: error: â€˜SetupFileâ€™ has no member named â€˜Dir_ifsâ€™
         strcpy(Setupfile.Dir_ifs,tipo[6].path);
                          ^
div.cpp:3640:42: error: â€˜struct ttipoâ€™ has no member named â€˜pathâ€™
         strcpy(Setupfile.Dir_ifs,tipo[6].path);
                                          ^
div.cpp:3641:26: error: â€˜SetupFileâ€™ has no member named â€˜Dir_pcmâ€™
         strcpy(Setupfile.Dir_pcm,tipo[7].path);
                          ^
div.cpp:3641:42: error: â€˜struct ttipoâ€™ has no member named â€˜pathâ€™
         strcpy(Setupfile.Dir_pcm,tipo[7].path);
                                          ^
div.cpp:3642:26: error: â€˜SetupFileâ€™ has no member named â€˜Dir_prgâ€™
         strcpy(Setupfile.Dir_prg,tipo[8].path);
                          ^
div.cpp:3642:42: error: â€˜struct ttipoâ€™ has no member named â€˜pathâ€™
         strcpy(Setupfile.Dir_prg,tipo[8].path);
                                          ^
div.cpp:3643:26: error: â€˜SetupFileâ€™ has no member named â€˜Dir_pcmsâ€™
         strcpy(Setupfile.Dir_pcms,tipo[11].path);
                          ^
div.cpp:3643:44: error: â€˜struct ttipoâ€™ has no member named â€˜pathâ€™
         strcpy(Setupfile.Dir_pcms,tipo[11].path);
                                            ^
div.cpp:3644:26: error: â€˜SetupFileâ€™ has no member named â€˜Dir_prjâ€™
         strcpy(Setupfile.Dir_prj,tipo[12].path);
                          ^
div.cpp:3644:43: error: â€˜struct ttipoâ€™ has no member named â€˜pathâ€™
         strcpy(Setupfile.Dir_prj,tipo[12].path);
                                           ^
div.cpp:3645:26: error: â€˜SetupFileâ€™ has no member named â€˜Dir_wldâ€™
         strcpy(Setupfile.Dir_wld,tipo[15].path);
                          ^
div.cpp:3645:43: error: â€˜struct ttipoâ€™ has no member named â€˜pathâ€™
         strcpy(Setupfile.Dir_wld,tipo[15].path);
                                           ^
div.cpp:3646:26: error: â€˜SetupFileâ€™ has no member named â€˜Dir_modâ€™
         strcpy(Setupfile.Dir_mod,tipo[16].path);
                          ^
div.cpp:3646:43: error: â€˜struct ttipoâ€™ has no member named â€˜pathâ€™
         strcpy(Setupfile.Dir_mod,tipo[16].path);
                                           ^
div.cpp: In function â€˜void Load_Cfgbin()â€™:
div.cpp:3675:14: error: â€˜_MAX_PATHâ€™ was not declared in this scope
   char cWork[_MAX_PATH+1];
              ^
div.cpp:3679:20: error: â€˜SetupFileâ€™ has no member named â€˜Dir_cwdâ€™
   strcpy(Setupfile.Dir_cwd,tipo[0].path);
                    ^
div.cpp:3679:36: error: â€˜struct ttipoâ€™ has no member named â€˜pathâ€™
   strcpy(Setupfile.Dir_cwd,tipo[0].path);
                                    ^
div.cpp:3681:10: error: â€˜cWorkâ€™ was not declared in this scope
   strcpy(cWork,tipo[1].path);
          ^
div.cpp:3681:24: error: â€˜struct ttipoâ€™ has no member named â€˜pathâ€™
   strcpy(cWork,tipo[1].path);
                        ^
div.cpp:3683:20: error: â€˜SetupFileâ€™ has no member named â€˜Dir_mapâ€™
   strcpy(Setupfile.Dir_map,cWork);
                    ^
div.cpp:3684:18: error: â€˜struct ttipoâ€™ has no member named â€˜pathâ€™
   strcpy(tipo[2].path,cWork);
                  ^
div.cpp:3685:18: error: â€˜struct ttipoâ€™ has no member named â€˜pathâ€™
   strcpy(tipo[9].path,cWork);
                  ^
div.cpp:3687:24: error: â€˜struct ttipoâ€™ has no member named â€˜pathâ€™
   strcpy(cWork,tipo[1].path);
                        ^
div.cpp:3689:20: error: â€˜SetupFileâ€™ has no member named â€˜Dir_palâ€™
   strcpy(Setupfile.Dir_pal,cWork);
                    ^
div.cpp:3690:18: error: â€˜struct ttipoâ€™ has no member named â€˜pathâ€™
   strcpy(tipo[3].path,cWork);
                  ^
div.cpp:3691:19: error: â€˜struct ttipoâ€™ has no member named â€˜pathâ€™
   strcpy(tipo[10].path,cWork);
                   ^
div.cpp:3693:24: error: â€˜struct ttipoâ€™ has no member named â€˜pathâ€™
   strcpy(cWork,tipo[1].path);
                        ^
div.cpp:3695:20: error: â€˜SetupFileâ€™ has no member named â€˜Dir_fpgâ€™
   strcpy(Setupfile.Dir_fpg,cWork);
                    ^
div.cpp:3696:18: error: â€˜struct ttipoâ€™ has no member named â€˜pathâ€™
   strcpy(tipo[4].path,cWork);
                  ^
div.cpp:3698:24: error: â€˜struct ttipoâ€™ has no member named â€˜pathâ€™
   strcpy(cWork,tipo[1].path);
                        ^
div.cpp:3700:20: error: â€˜SetupFileâ€™ has no member named â€˜Dir_fntâ€™
   strcpy(Setupfile.Dir_fnt,cWork);
                    ^
div.cpp:3701:18: error: â€˜struct ttipoâ€™ has no member named â€˜pathâ€™
   strcpy(tipo[5].path,cWork);
                  ^
div.cpp:3703:24: error: â€˜struct ttipoâ€™ has no member named â€˜pathâ€™
   strcpy(cWork,tipo[1].path);
                        ^
div.cpp:3705:20: error: â€˜SetupFileâ€™ has no member named â€˜Dir_ifsâ€™
   strcpy(Setupfile.Dir_ifs,cWork);
                    ^
div.cpp:3706:18: error: â€˜struct ttipoâ€™ has no member named â€˜pathâ€™
   strcpy(tipo[6].path,cWork);
                  ^
div.cpp:3708:24: error: â€˜struct ttipoâ€™ has no member named â€˜pathâ€™
   strcpy(cWork,tipo[1].path);
                        ^
div.cpp:3710:20: error: â€˜SetupFileâ€™ has no member named â€˜Dir_pcmâ€™
   strcpy(Setupfile.Dir_pcm,cWork);
                    ^
div.cpp:3711:18: error: â€˜struct ttipoâ€™ has no member named â€˜pathâ€™
   strcpy(tipo[7].path,cWork);
                  ^
div.cpp:3713:24: error: â€˜struct ttipoâ€™ has no member named â€˜pathâ€™
   strcpy(cWork,tipo[1].path);
                        ^
div.cpp:3715:20: error: â€˜SetupFileâ€™ has no member named â€˜Dir_prgâ€™
   strcpy(Setupfile.Dir_prg,cWork);
                    ^
div.cpp:3716:18: error: â€˜struct ttipoâ€™ has no member named â€˜pathâ€™
   strcpy(tipo[8].path,cWork);
                  ^
div.cpp:3718:24: error: â€˜struct ttipoâ€™ has no member named â€˜pathâ€™
   strcpy(cWork,tipo[1].path);
                        ^
div.cpp:3720:20: error: â€˜SetupFileâ€™ has no member named â€˜Dir_pcmsâ€™
   strcpy(Setupfile.Dir_pcms,cWork);
                    ^
div.cpp:3721:19: error: â€˜struct ttipoâ€™ has no member named â€˜pathâ€™
   strcpy(tipo[11].path,cWork);
                   ^
div.cpp:3723:24: error: â€˜struct ttipoâ€™ has no member named â€˜pathâ€™
   strcpy(cWork,tipo[1].path);
                        ^
div.cpp:3725:20: error: â€˜SetupFileâ€™ has no member named â€˜Dir_prjâ€™
   strcpy(Setupfile.Dir_prj,cWork);
                    ^
div.cpp:3726:19: error: â€˜struct ttipoâ€™ has no member named â€˜pathâ€™
   strcpy(tipo[12].path,cWork);
                   ^
div.cpp:3728:19: error: â€˜struct ttipoâ€™ has no member named â€˜pathâ€™
   strcpy(tipo[13].path,tipo[1].path);
                   ^
div.cpp:3728:32: error: â€˜struct ttipoâ€™ has no member named â€˜pathâ€™
   strcpy(tipo[13].path,tipo[1].path);
                                ^
div.cpp:3730:24: error: â€˜struct ttipoâ€™ has no member named â€˜pathâ€™
   strcpy(cWork,tipo[1].path);
                        ^
div.cpp:3732:20: error: â€˜SetupFileâ€™ has no member named â€˜Dir_wldâ€™
   strcpy(Setupfile.Dir_wld,cWork);
                    ^
div.cpp:3733:19: error: â€˜struct ttipoâ€™ has no member named â€˜pathâ€™
   strcpy(tipo[15].path,cWork);
                   ^
div.cpp:3735:24: error: â€˜struct ttipoâ€™ has no member named â€˜pathâ€™
   strcpy(cWork,tipo[1].path);
                        ^
div.cpp:3737:20: error: â€˜SetupFileâ€™ has no member named â€˜Dir_modâ€™
   strcpy(Setupfile.Dir_mod,cWork);
                    ^
div.cpp:3738:19: error: â€˜struct ttipoâ€™ has no member named â€˜pathâ€™
   strcpy(tipo[16].path,cWork);
                   ^
div.cpp:3743:24: error: â€˜SetupFileâ€™ has no member named â€˜Desktop_Imageâ€™
       strcpy(Setupfile.Desktop_Image,texto[487]); // Informacion del tapiz
                        ^
div.cpp:3777:24: error: â€˜SetupFileâ€™ has no member named â€˜Desktop_Imageâ€™
       strcpy(Setupfile.Desktop_Image,""); // Informacion del tapiz
                        ^
div.cpp:3833:25: error: â€˜SetupFileâ€™ has no member named â€˜Dir_cwdâ€™
     if (chdir(Setupfile.Dir_cwd)!=-1)
                         ^
div.cpp:3833:32: error: â€˜chdirâ€™ was not declared in this scope
     if (chdir(Setupfile.Dir_cwd)!=-1)
                                ^
div.cpp:3834:22: error: â€˜struct ttipoâ€™ has no member named â€˜pathâ€™
       strcpy(tipo[0].path,Setupfile.Dir_cwd);
                      ^
div.cpp:3834:37: error: â€˜SetupFileâ€™ has no member named â€˜Dir_cwdâ€™
       strcpy(tipo[0].path,Setupfile.Dir_cwd);
                                     ^
div.cpp:3836:23: error: â€˜SetupFileâ€™ has no member named â€˜Dir_mapâ€™
   if (chdir(Setupfile.Dir_map)!=-1) strcpy(tipo[2].path,Setupfile.Dir_map);
                       ^
div.cpp:3836:30: error: â€˜chdirâ€™ was not declared in this scope
   if (chdir(Setupfile.Dir_map)!=-1) strcpy(tipo[2].path,Setupfile.Dir_map);
                              ^
div.cpp:3836:52: error: â€˜struct ttipoâ€™ has no member named â€˜pathâ€™
   if (chdir(Setupfile.Dir_map)!=-1) strcpy(tipo[2].path,Setupfile.Dir_map);
                                                    ^
div.cpp:3836:67: error: â€˜SetupFileâ€™ has no member named â€˜Dir_mapâ€™
   if (chdir(Setupfile.Dir_map)!=-1) strcpy(tipo[2].path,Setupfile.Dir_map);
                                                                   ^
div.cpp:3837:26: error: â€˜struct ttipoâ€™ has no member named â€˜pathâ€™
   else if (chdir(tipo[2].path)==-1) strcpy(tipo[2].path,tipo[1].path);
                          ^
div.cpp:3837:52: error: â€˜struct ttipoâ€™ has no member named â€˜pathâ€™
   else if (chdir(tipo[2].path)==-1) strcpy(tipo[2].path,tipo[1].path);
                                                    ^
div.cpp:3837:65: error: â€˜struct ttipoâ€™ has no member named â€˜pathâ€™
   else if (chdir(tipo[2].path)==-1) strcpy(tipo[2].path,tipo[1].path);
                                                                 ^
div.cpp:3839:23: error: â€˜SetupFileâ€™ has no member named â€˜Dir_palâ€™
   if (chdir(Setupfile.Dir_pal)!=-1) strcpy(tipo[3].path,Setupfile.Dir_pal);
                       ^
div.cpp:3839:30: error: â€˜chdirâ€™ was not declared in this scope
   if (chdir(Setupfile.Dir_pal)!=-1) strcpy(tipo[3].path,Setupfile.Dir_pal);
                              ^
div.cpp:3839:52: error: â€˜struct ttipoâ€™ has no member named â€˜pathâ€™
   if (chdir(Setupfile.Dir_pal)!=-1) strcpy(tipo[3].path,Setupfile.Dir_pal);
                                                    ^
div.cpp:3839:67: error: â€˜SetupFileâ€™ has no member named â€˜Dir_palâ€™
   if (chdir(Setupfile.Dir_pal)!=-1) strcpy(tipo[3].path,Setupfile.Dir_pal);
                                                                   ^
div.cpp:3840:26: error: â€˜struct ttipoâ€™ has no member named â€˜pathâ€™
   else if (chdir(tipo[3].path)==-1) strcpy(tipo[3].path,tipo[1].path);
                          ^
div.cpp:3840:52: error: â€˜struct ttipoâ€™ has no member named â€˜pathâ€™
   else if (chdir(tipo[3].path)==-1) strcpy(tipo[3].path,tipo[1].path);
                                                    ^
div.cpp:3840:65: error: â€˜struct ttipoâ€™ has no member named â€˜pathâ€™
   else if (chdir(tipo[3].path)==-1) strcpy(tipo[3].path,tipo[1].path);
                                                                 ^
div.cpp:3842:23: error: â€˜SetupFileâ€™ has no member named â€˜Dir_fpgâ€™
   if (chdir(Setupfile.Dir_fpg)!=-1) strcpy(tipo[4].path,Setupfile.Dir_fpg);
                       ^
div.cpp:3842:30: error: â€˜chdirâ€™ was not declared in this scope
   if (chdir(Setupfile.Dir_fpg)!=-1) strcpy(tipo[4].path,Setupfile.Dir_fpg);
                              ^
div.cpp:3842:52: error: â€˜struct ttipoâ€™ has no member named â€˜pathâ€™
   if (chdir(Setupfile.Dir_fpg)!=-1) strcpy(tipo[4].path,Setupfile.Dir_fpg);
                                                    ^
div.cpp:3842:67: error: â€˜SetupFileâ€™ has no member named â€˜Dir_fpgâ€™
   if (chdir(Setupfile.Dir_fpg)!=-1) strcpy(tipo[4].path,Setupfile.Dir_fpg);
                                                                   ^
div.cpp:3843:26: error: â€˜struct ttipoâ€™ has no member named â€˜pathâ€™
   else if (chdir(tipo[4].path)==-1) strcpy(tipo[4].path,tipo[1].path);
                          ^
div.cpp:3843:52: error: â€˜struct ttipoâ€™ has no member named â€˜pathâ€™
   else if (chdir(tipo[4].path)==-1) strcpy(tipo[4].path,tipo[1].path);
                                                    ^
div.cpp:3843:65: error: â€˜struct ttipoâ€™ has no member named â€˜pathâ€™
   else if (chdir(tipo[4].path)==-1) strcpy(tipo[4].path,tipo[1].path);
                                                                 ^
div.cpp:3845:23: error: â€˜SetupFileâ€™ has no member named â€˜Dir_fntâ€™
   if (chdir(Setupfile.Dir_fnt)!=-1) strcpy(tipo[5].path,Setupfile.Dir_fnt);
                       ^
div.cpp:3845:30: error: â€˜chdirâ€™ was not declared in this scope
   if (chdir(Setupfile.Dir_fnt)!=-1) strcpy(tipo[5].path,Setupfile.Dir_fnt);
                              ^
div.cpp:3845:52: error: â€˜struct ttipoâ€™ has no member named â€˜pathâ€™
   if (chdir(Setupfile.Dir_fnt)!=-1) strcpy(tipo[5].path,Setupfile.Dir_fnt);
                                                    ^
div.cpp:3845:67: error: â€˜SetupFileâ€™ has no member named â€˜Dir_fntâ€™
   if (chdir(Setupfile.Dir_fnt)!=-1) strcpy(tipo[5].path,Setupfile.Dir_fnt);
                                                                   ^
div.cpp:3846:26: error: â€˜struct ttipoâ€™ has no member named â€˜pathâ€™
   else if (chdir(tipo[5].path)==-1) strcpy(tipo[5].path,tipo[1].path);
                          ^
div.cpp:3846:52: error: â€˜struct ttipoâ€™ has no member named â€˜pathâ€™
   else if (chdir(tipo[5].path)==-1) strcpy(tipo[5].path,tipo[1].path);
                                                    ^
div.cpp:3846:65: error: â€˜struct ttipoâ€™ has no member named â€˜pathâ€™
   else if (chdir(tipo[5].path)==-1) strcpy(tipo[5].path,tipo[1].path);
                                                                 ^
div.cpp:3848:23: error: â€˜SetupFileâ€™ has no member named â€˜Dir_ifsâ€™
   if (chdir(Setupfile.Dir_ifs)!=-1) strcpy(tipo[6].path,Setupfile.Dir_ifs);
                       ^
div.cpp:3848:30: error: â€˜chdirâ€™ was not declared in this scope
   if (chdir(Setupfile.Dir_ifs)!=-1) strcpy(tipo[6].path,Setupfile.Dir_ifs);
                              ^
div.cpp:3848:52: error: â€˜struct ttipoâ€™ has no member named â€˜pathâ€™
   if (chdir(Setupfile.Dir_ifs)!=-1) strcpy(tipo[6].path,Setupfile.Dir_ifs);
                                                    ^
div.cpp:3848:67: error: â€˜SetupFileâ€™ has no member named â€˜Dir_ifsâ€™
   if (chdir(Setupfile.Dir_ifs)!=-1) strcpy(tipo[6].path,Setupfile.Dir_ifs);
                                                                   ^
div.cpp:3849:26: error: â€˜struct ttipoâ€™ has no member named â€˜pathâ€™
   else if (chdir(tipo[6].path)==-1) strcpy(tipo[6].path,tipo[1].path);
                          ^
div.cpp:3849:52: error: â€˜struct ttipoâ€™ has no member named â€˜pathâ€™
   else if (chdir(tipo[6].path)==-1) strcpy(tipo[6].path,tipo[1].path);
                                                    ^
div.cpp:3849:65: error: â€˜struct ttipoâ€™ has no member named â€˜pathâ€™
   else if (chdir(tipo[6].path)==-1) strcpy(tipo[6].path,tipo[1].path);
                                                                 ^
div.cpp:3851:23: error: â€˜SetupFileâ€™ has no member named â€˜Dir_pcmâ€™
   if (chdir(Setupfile.Dir_pcm)!=-1) strcpy(tipo[7].path,Setupfile.Dir_pcm);
                       ^
div.cpp:3851:30: error: â€˜chdirâ€™ was not declared in this scope
   if (chdir(Setupfile.Dir_pcm)!=-1) strcpy(tipo[7].path,Setupfile.Dir_pcm);
                              ^
div.cpp:3851:52: error: â€˜struct ttipoâ€™ has no member named â€˜pathâ€™
   if (chdir(Setupfile.Dir_pcm)!=-1) strcpy(tipo[7].path,Setupfile.Dir_pcm);
                                                    ^
div.cpp:3851:67: error: â€˜SetupFileâ€™ has no member named â€˜Dir_pcmâ€™
   if (chdir(Setupfile.Dir_pcm)!=-1) strcpy(tipo[7].path,Setupfile.Dir_pcm);
                                                                   ^
div.cpp:3852:26: error: â€˜struct ttipoâ€™ has no member named â€˜pathâ€™
   else if (chdir(tipo[7].path)==-1) strcpy(tipo[7].path,tipo[1].path);
                          ^
div.cpp:3852:52: error: â€˜struct ttipoâ€™ has no member named â€˜pathâ€™
   else if (chdir(tipo[7].path)==-1) strcpy(tipo[7].path,tipo[1].path);
                                                    ^
div.cpp:3852:65: error: â€˜struct ttipoâ€™ has no member named â€˜pathâ€™
   else if (chdir(tipo[7].path)==-1) strcpy(tipo[7].path,tipo[1].path);
                                                                 ^
div.cpp:3854:23: error: â€˜SetupFileâ€™ has no member named â€˜Dir_prgâ€™
   if (chdir(Setupfile.Dir_prg)!=-1) strcpy(tipo[8].path,Setupfile.Dir_prg);
                       ^
div.cpp:3854:30: error: â€˜chdirâ€™ was not declared in this scope
   if (chdir(Setupfile.Dir_prg)!=-1) strcpy(tipo[8].path,Setupfile.Dir_prg);
                              ^
div.cpp:3854:52: error: â€˜struct ttipoâ€™ has no member named â€˜pathâ€™
   if (chdir(Setupfile.Dir_prg)!=-1) strcpy(tipo[8].path,Setupfile.Dir_prg);
                                                    ^
div.cpp:3854:67: error: â€˜SetupFileâ€™ has no member named â€˜Dir_prgâ€™
   if (chdir(Setupfile.Dir_prg)!=-1) strcpy(tipo[8].path,Setupfile.Dir_prg);
                                                                   ^
div.cpp:3855:26: error: â€˜struct ttipoâ€™ has no member named â€˜pathâ€™
   else if (chdir(tipo[8].path)==-1) strcpy(tipo[8].path,tipo[1].path);
                          ^
div.cpp:3855:52: error: â€˜struct ttipoâ€™ has no member named â€˜pathâ€™
   else if (chdir(tipo[8].path)==-1) strcpy(tipo[8].path,tipo[1].path);
                                                    ^
div.cpp:3855:65: error: â€˜struct ttipoâ€™ has no member named â€˜pathâ€™
   else if (chdir(tipo[8].path)==-1) strcpy(tipo[8].path,tipo[1].path);
                                                                 ^
div.cpp:3857:18: error: â€˜struct ttipoâ€™ has no member named â€˜pathâ€™
   strcpy(tipo[9].path,tipo[2].path);
                  ^
div.cpp:3857:31: error: â€˜struct ttipoâ€™ has no member named â€˜pathâ€™
   strcpy(tipo[9].path,tipo[2].path);
                               ^
div.cpp:3858:19: error: â€˜struct ttipoâ€™ has no member named â€˜pathâ€™
   strcpy(tipo[10].path,tipo[3].path);
                   ^
div.cpp:3858:32: error: â€˜struct ttipoâ€™ has no member named â€˜pathâ€™
   strcpy(tipo[10].path,tipo[3].path);
                                ^
div.cpp:3860:23: error: â€˜SetupFileâ€™ has no member named â€˜Dir_pcmsâ€™
   if (chdir(Setupfile.Dir_pcms)!=-1) strcpy(tipo[11].path,Setupfile.Dir_pcms);
                       ^
div.cpp:3860:31: error: â€˜chdirâ€™ was not declared in this scope
   if (chdir(Setupfile.Dir_pcms)!=-1) strcpy(tipo[11].path,Setupfile.Dir_pcms);
                               ^
div.cpp:3860:54: error: â€˜struct ttipoâ€™ has no member named â€˜pathâ€™
   if (chdir(Setupfile.Dir_pcms)!=-1) strcpy(tipo[11].path,Setupfile.Dir_pcms);
                                                      ^
div.cpp:3860:69: error: â€˜SetupFileâ€™ has no member named â€˜Dir_pcmsâ€™
   if (chdir(Setupfile.Dir_pcms)!=-1) strcpy(tipo[11].path,Setupfile.Dir_pcms);
                                                                     ^
div.cpp:3861:27: error: â€˜struct ttipoâ€™ has no member named â€˜pathâ€™
   else if (chdir(tipo[11].path)==-1) strcpy(tipo[11].path,tipo[1].path);
                           ^
div.cpp:3861:54: error: â€˜struct ttipoâ€™ has no member named â€˜pathâ€™
   else if (chdir(tipo[11].path)==-1) strcpy(tipo[11].path,tipo[1].path);
                                                      ^
div.cpp:3861:67: error: â€˜struct ttipoâ€™ has no member named â€˜pathâ€™
   else if (chdir(tipo[11].path)==-1) strcpy(tipo[11].path,tipo[1].path);
                                                                   ^
div.cpp:3863:23: error: â€˜SetupFileâ€™ has no member named â€˜Dir_prjâ€™
   if (chdir(Setupfile.Dir_prj)!=-1) strcpy(tipo[12].path,Setupfile.Dir_prj);
                       ^
div.cpp:3863:30: error: â€˜chdirâ€™ was not declared in this scope
   if (chdir(Setupfile.Dir_prj)!=-1) strcpy(tipo[12].path,Setupfile.Dir_prj);
                              ^
div.cpp:3863:53: error: â€˜struct ttipoâ€™ has no member named â€˜pathâ€™
   if (chdir(Setupfile.Dir_prj)!=-1) strcpy(tipo[12].path,Setupfile.Dir_prj);
                                                     ^
div.cpp:3863:68: error: â€˜SetupFileâ€™ has no member named â€˜Dir_prjâ€™
   if (chdir(Setupfile.Dir_prj)!=-1) strcpy(tipo[12].path,Setupfile.Dir_prj);
                                                                    ^
div.cpp:3864:27: error: â€˜struct ttipoâ€™ has no member named â€˜pathâ€™
   else if (chdir(tipo[12].path)==-1) strcpy(tipo[12].path,tipo[1].path);
                           ^
div.cpp:3864:54: error: â€˜struct ttipoâ€™ has no member named â€˜pathâ€™
   else if (chdir(tipo[12].path)==-1) strcpy(tipo[12].path,tipo[1].path);
                                                      ^
div.cpp:3864:67: error: â€˜struct ttipoâ€™ has no member named â€˜pathâ€™
   else if (chdir(tipo[12].path)==-1) strcpy(tipo[12].path,tipo[1].path);
                                                                   ^
div.cpp:3866:19: error: â€˜struct ttipoâ€™ has no member named â€˜pathâ€™
   strcpy(tipo[13].path,tipo[1].path); // Generico
                   ^
div.cpp:3866:32: error: â€˜struct ttipoâ€™ has no member named â€˜pathâ€™
   strcpy(tipo[13].path,tipo[1].path); // Generico
                                ^
div.cpp:3868:23: error: â€˜SetupFileâ€™ has no member named â€˜Dir_wldâ€™
   if (chdir(Setupfile.Dir_wld)!=-1) strcpy(tipo[15].path,Setupfile.Dir_wld);
                       ^
div.cpp:3868:30: error: â€˜chdirâ€™ was not declared in this scope
   if (chdir(Setupfile.Dir_wld)!=-1) strcpy(tipo[15].path,Setupfile.Dir_wld);
                              ^
div.cpp:3868:53: error: â€˜struct ttipoâ€™ has no member named â€˜pathâ€™
   if (chdir(Setupfile.Dir_wld)!=-1) strcpy(tipo[15].path,Setupfile.Dir_wld);
                                                     ^
div.cpp:3868:68: error: â€˜SetupFileâ€™ has no member named â€˜Dir_wldâ€™
   if (chdir(Setupfile.Dir_wld)!=-1) strcpy(tipo[15].path,Setupfile.Dir_wld);
                                                                    ^
div.cpp:3869:27: error: â€˜struct ttipoâ€™ has no member named â€˜pathâ€™
   else if (chdir(tipo[15].path)==-1) strcpy(tipo[15].path,tipo[1].path);
                           ^
div.cpp:3869:54: error: â€˜struct ttipoâ€™ has no member named â€˜pathâ€™
   else if (chdir(tipo[15].path)==-1) strcpy(tipo[15].path,tipo[1].path);
                                                      ^
div.cpp:3869:67: error: â€˜struct ttipoâ€™ has no member named â€˜pathâ€™
   else if (chdir(tipo[15].path)==-1) strcpy(tipo[15].path,tipo[1].path);
                                                                   ^
div.cpp:3871:23: error: â€˜SetupFileâ€™ has no member named â€˜Dir_modâ€™
   if (chdir(Setupfile.Dir_mod)!=-1) strcpy(tipo[16].path,Setupfile.Dir_mod);
                       ^
div.cpp:3871:30: error: â€˜chdirâ€™ was not declared in this scope
   if (chdir(Setupfile.Dir_mod)!=-1) strcpy(tipo[16].path,Setupfile.Dir_mod);
                              ^
div.cpp:3871:53: error: â€˜struct ttipoâ€™ has no member named â€˜pathâ€™
   if (chdir(Setupfile.Dir_mod)!=-1) strcpy(tipo[16].path,Setupfile.Dir_mod);
                                                     ^
div.cpp:3871:68: error: â€˜SetupFileâ€™ has no member named â€˜Dir_modâ€™
   if (chdir(Setupfile.Dir_mod)!=-1) strcpy(tipo[16].path,Setupfile.Dir_mod);
                                                                    ^
div.cpp:3872:27: error: â€˜struct ttipoâ€™ has no member named â€˜pathâ€™
   else if (chdir(tipo[16].path)==-1) strcpy(tipo[16].path,tipo[1].path);
                           ^
div.cpp:3872:54: error: â€˜struct ttipoâ€™ has no member named â€˜pathâ€™
   else if (chdir(tipo[16].path)==-1) strcpy(tipo[16].path,tipo[1].path);
                                                      ^
div.cpp:3872:67: error: â€˜struct ttipoâ€™ has no member named â€˜pathâ€™
   else if (chdir(tipo[16].path)==-1) strcpy(tipo[16].path,tipo[1].path);
                                                                   ^
div.cpp:3874:17: error: â€˜struct ttipoâ€™ has no member named â€˜pathâ€™
   chdir(tipo[1].path);
                 ^
div.cpp:3874:21: error: â€˜chdirâ€™ was not declared in this scope
   chdir(tipo[1].path);
                     ^
div.cpp: In function â€˜void check_mouse()â€™:
div.cpp:3883:16: error: aggregate â€˜check_mouse()::SREGS sregsâ€™ has incomplete type and cannot be defined
   struct SREGS sregs;
                ^
div.cpp:3884:14: error: aggregate â€˜check_mouse()::REGS inregsâ€™ has incomplete type and cannot be defined
   union REGS inregs, outregs;
              ^
div.cpp:3884:22: error: aggregate â€˜check_mouse()::REGS outregsâ€™ has incomplete type and cannot be defined
   union REGS inregs, outregs;
                      ^
div.cpp:3886:17: error: â€˜segreadâ€™ was not declared in this scope
   segread(&sregs);
                 ^
div.cpp:3888:34: error: â€˜int386â€™ was not declared in this scope
   int386 (0x33, &inregs, &outregs);
                                  ^
div.cpp:3896:23: warning: invalid conversion from â€˜unsigned char*â€™ to â€˜const char*â€™ [-fpermissive]
       printf(texto[376]);
                       ^
In file included from global.h:20:0,
                 from div.cpp:9:
/usr/include/stdio.h:362:12: note: initializing argument 1 of â€˜int printf(const char*, ...)â€™
 extern int printf (const char *__restrict __format, ...);
            ^
div.cpp:3896:24: warning: format not a string literal and no format arguments [-Wformat-security]
       printf(texto[376]);
                        ^
div.cpp: In function â€˜void check_free()â€™:
div.cpp:3912:40: error: â€˜struct ttipoâ€™ has no member named â€˜pathâ€™
   totfree=GetFreeUnid((toupper(tipo[1].path[0])-'A')+1)/1024;
                                        ^
div.cpp:3916:43: error: â€˜struct ttipoâ€™ has no member named â€˜pathâ€™
     sprintf(t1,texto[377],toupper(tipo[1].path[0]));
                                           ^
div.cpp:3917:25: warning: invalid conversion from â€˜unsigned char*â€™ to â€˜const char*â€™ [-fpermissive]
     sprintf(t2,texto[378],4096-totfree);
                         ^
In file included from global.h:20:0,
                 from div.cpp:9:
/usr/include/stdio.h:364:12: note: initializing argument 2 of â€˜int sprintf(char*, const char*, ...)â€™
 extern int sprintf (char *__restrict __s,
            ^
div.cpp:3918:18: warning: cast from â€˜void (*)()â€™ to â€˜intâ€™ loses precision [-fpermissive]
     dialogo((int)info0);
                  ^
div.cpp: In function â€˜int determina_calc()â€™:
div.cpp:3942:40: warning: cast from â€˜void (*)()â€™ to â€˜intâ€™ loses precision [-fpermissive]
     if (ventana[m].click_handler==(int)calc2 && ventana[m].estado) { n=m; break; }
                                        ^
div.cpp: At global scope:
div.cpp:3978:6: error: expected unqualified-id before â€˜deleteâ€™
 void delete(int a) {
      ^
div.cpp: In function â€˜void DaniDel(char*)â€™:
div.cpp:3999:17: error: aggregate â€˜DaniDel(char*)::find_t ftâ€™ has incomplete type and cannot be defined
   struct find_t ft;
                 ^
div.cpp:4001:15: error: â€˜_MAX_PATHâ€™ was not declared in this scope
   char cwork1[_MAX_PATH+1];
               ^
div.cpp:4005:10: error: â€˜cwork2â€™ was not declared in this scope
   strcpy(cwork2, name);
          ^
div.cpp:4011:26: error: â€˜_A_NORMALâ€™ was not declared in this scope
   rc=_dos_findfirst(name,_A_NORMAL,&ft);
                          ^
div.cpp:4011:39: error: â€˜_dos_findfirstâ€™ was not declared in this scope
   rc=_dos_findfirst(name,_A_NORMAL,&ft);
                                       ^
div.cpp:4013:12: error: â€˜cwork3â€™ was not declared in this scope
     strcpy(cwork3,cwork2);
            ^
div.cpp:4015:19: error: â€˜cwork1â€™ was not declared in this scope
     if (_fullpath(cwork1, cwork3, _MAX_PATH)==NULL) strcpy(cwork1,ft.name);
                   ^
div.cpp:4015:44: error: â€˜_fullpathâ€™ was not declared in this scope
     if (_fullpath(cwork1, cwork3, _MAX_PATH)==NULL) strcpy(cwork1,ft.name);
                                            ^
div.cpp:4016:22: error: â€˜cwork1â€™ was not declared in this scope
     _dos_setfileattr(cwork1,_A_NORMAL);
                      ^
div.cpp:4016:38: error: â€˜_dos_setfileattrâ€™ was not declared in this scope
     _dos_setfileattr(cwork1,_A_NORMAL);
                                      ^
div.cpp:4018:25: error: â€˜_dos_findnextâ€™ was not declared in this scope
     rc=_dos_findnext(&ft);
                         ^
div.cpp: In function â€˜void check_oldpif()â€™:
div.cpp:4080:14: error: â€˜_MAX_DRIVEâ€™ was not declared in this scope
   char drive[_MAX_DRIVE+1];
              ^
div.cpp:4081:12: error: â€˜_MAX_DIRâ€™ was not declared in this scope
   char dir[_MAX_DIR+1];
            ^
div.cpp:4082:14: error: â€˜_MAX_FNAMEâ€™ was not declared in this scope
   char fname[_MAX_FNAME+1];
              ^
div.cpp:4083:12: error: â€˜_MAX_EXTâ€™ was not declared in this scope
   char ext[_MAX_EXT+1];
            ^
div.cpp:4103:11: warning: invalid conversion from â€˜unsigned char*â€™ to â€˜char*â€™ [-fpermissive]
       name=&pif[0x273]; // Path del icono
           ^
div.cpp:4105:23: error: â€˜driveâ€™ was not declared in this scope
       _splitpath(name,drive,dir,fname,ext);
                       ^
div.cpp:4105:29: error: â€˜dirâ€™ was not declared in this scope
       _splitpath(name,drive,dir,fname,ext);
                             ^
div.cpp:4105:33: error: â€˜fnameâ€™ was not declared in this scope
       _splitpath(name,drive,dir,fname,ext);
                                 ^
div.cpp:4105:39: error: â€˜extâ€™ was not declared in this scope
       _splitpath(name,drive,dir,fname,ext);
                                       ^
div.cpp:4105:42: error: â€˜_splitpathâ€™ was not declared in this scope
       _splitpath(name,drive,dir,fname,ext);
                                          ^
div.cpp:4106:19: error: â€˜struprâ€™ was not declared in this scope
       strupr(fname); strupr(ext);
                   ^
div.cpp:4110:13: warning: invalid conversion from â€˜unsigned char*â€™ to â€˜char*â€™ [-fpermissive]
         name=&pif[0x24];
             ^
